TN:
SF:src\app.ts
FNF:0
FNH:0
DA:1,1
DA:2,1
DA:3,1
DA:4,1
DA:5,1
DA:6,1
DA:7,1
DA:8,1
DA:9,1
DA:10,1
DA:11,1
DA:12,1
DA:13,1
LF:13
LH:13
BRF:0
BRH:0
end_of_record
TN:
SF:src\container\index.ts
FNF:0
FNH:0
DA:1,1
DA:2,1
DA:3,1
DA:4,1
DA:5,1
DA:6,1
DA:7,1
DA:8,1
DA:9,1
DA:10,1
DA:11,1
DA:12,1
DA:13,1
DA:14,1
DA:15,1
DA:16,1
LF:16
LH:16
BRF:0
BRH:0
end_of_record
TN:
SF:src\controllers\PersonsAndRelationshipsController.ts
FN:7,clean
FNF:1
FNH:1
FNDA:1,clean
DA:1,1
DA:2,1
DA:3,1
DA:4,1
DA:5,1
DA:6,1
DA:7,1
DA:8,1
DA:9,1
DA:10,1
DA:11,1
DA:12,1
DA:13,1
DA:14,1
DA:15,1
DA:16,1
DA:17,1
DA:18,1
DA:19,1
DA:20,1
LF:20
LH:20
BRDA:7,0,0,1
BRF:1
BRH:1
end_of_record
TN:
SF:src\controllers\PersonsController.ts
FN:8,create
FN:26,getPerson
FNF:2
FNH:2
FNDA:12,create
FNDA:2,getPerson
DA:1,1
DA:2,1
DA:3,1
DA:4,1
DA:5,1
DA:6,1
DA:7,1
DA:8,1
DA:9,12
DA:10,12
DA:11,12
DA:12,12
DA:13,12
DA:14,12
DA:15,12
DA:16,12
DA:17,10
DA:18,10
DA:19,12
DA:20,2
DA:21,2
DA:22,2
DA:23,2
DA:24,12
DA:25,1
DA:26,1
DA:27,2
DA:28,2
DA:29,2
DA:30,2
DA:31,2
DA:32,2
DA:33,2
DA:34,2
DA:35,2
DA:36,1
DA:37,1
DA:38,1
DA:39,1
DA:40,1
DA:41,1
DA:42,1
DA:43,2
DA:44,1
DA:45,1
LF:45
LH:45
BRDA:8,0,0,12
BRDA:17,1,0,10
BRDA:19,2,0,2
BRDA:26,3,0,2
BRDA:36,4,0,1
BRF:5
BRH:5
end_of_record
TN:
SF:src\controllers\RecommendationsController.ts
FN:7,getRecommendations
FNF:1
FNH:1
FNDA:2,getRecommendations
DA:1,1
DA:2,1
DA:3,1
DA:4,1
DA:5,1
DA:6,1
DA:7,1
DA:8,2
DA:9,2
DA:10,2
DA:11,2
DA:12,2
DA:13,2
DA:14,2
DA:15,2
DA:16,2
DA:17,2
DA:18,2
DA:19,2
DA:20,2
DA:21,1
DA:22,1
DA:23,1
DA:24,1
DA:25,1
DA:26,1
DA:27,1
DA:28,2
DA:29,1
DA:30,1
DA:31,1
LF:31
LH:31
BRDA:7,0,0,2
BRDA:21,1,0,1
BRF:2
BRH:2
end_of_record
TN:
SF:src\controllers\RelationshipsController.ts
FN:7,create
FNF:1
FNH:1
FNDA:9,create
DA:1,1
DA:2,1
DA:3,1
DA:4,1
DA:5,1
DA:6,1
DA:7,1
DA:8,9
DA:9,9
DA:10,9
DA:11,9
DA:12,9
DA:13,9
DA:14,9
DA:15,9
DA:16,9
DA:17,9
DA:18,9
DA:19,9
DA:20,9
DA:21,9
DA:22,8
DA:23,8
DA:24,8
DA:25,1
DA:26,1
DA:27,1
DA:28,1
DA:29,9
DA:30,1
DA:31,1
DA:32,1
LF:32
LH:32
BRDA:7,0,0,9
BRDA:22,1,0,8
BRDA:24,2,0,1
BRF:3
BRH:3
end_of_record
TN:
SF:src\model\Person.ts
FNF:0
FNH:0
DA:1,1
DA:2,1
DA:3,1
DA:4,1
DA:5,1
DA:6,1
LF:6
LH:6
BRF:0
BRH:0
end_of_record
TN:
SF:src\model\Relationship.ts
FNF:0
FNH:0
DA:1,1
DA:2,1
DA:3,1
DA:4,1
DA:5,1
DA:6,1
LF:6
LH:6
BRF:0
BRH:0
end_of_record
TN:
SF:src\repositories\implementations\PersonsRepository.ts
FN:10,PersonsRepository
FN:14,findByCpf
FN:18,create
FN:33,delete
FNF:4
FNH:4
FNDA:17,PersonsRepository
FNDA:49,findByCpf
FNDA:24,create
FNDA:2,delete
DA:1,1
DA:2,1
DA:3,1
DA:4,1
DA:5,1
DA:6,1
DA:7,1
DA:8,1
DA:9,1
DA:10,1
DA:11,17
DA:12,17
DA:13,1
DA:14,1
DA:15,49
DA:16,49
DA:17,49
DA:18,1
DA:19,24
DA:20,24
DA:21,24
DA:22,24
DA:23,24
DA:24,24
DA:25,24
DA:26,24
DA:27,24
DA:28,24
DA:29,24
DA:30,24
DA:31,24
DA:32,24
DA:33,1
DA:34,2
DA:35,2
DA:36,1
DA:37,1
DA:38,1
LF:38
LH:38
BRDA:10,0,0,17
BRDA:14,1,0,49
BRDA:15,2,0,73
BRDA:18,3,0,24
BRDA:33,4,0,2
BRF:5
BRH:5
end_of_record
TN:
SF:src\repositories\implementations\RelationshipsRepository.ts
FN:10,RelationshipsRepository
FN:14,create
FN:30,delete
FN:34,getRecommendations
FN:49,getCpfFriends
FN:63,getCpfRelationshipsFriends
FN:94,sortByRelevance
FNF:7
FNH:7
FNDA:9,RelationshipsRepository
FNDA:17,create
FNDA:2,delete
FNDA:2,getRecommendations
FNDA:2,getCpfFriends
FNDA:2,getCpfRelationshipsFriends
FNDA:2,sortByRelevance
DA:1,1
DA:2,1
DA:3,1
DA:4,1
DA:5,1
DA:6,1
DA:7,1
DA:8,1
DA:9,1
DA:10,1
DA:11,9
DA:12,9
DA:13,1
DA:14,1
DA:15,17
DA:16,17
DA:17,17
DA:18,17
DA:19,17
DA:20,17
DA:21,17
DA:22,17
DA:23,17
DA:24,17
DA:25,17
DA:26,17
DA:27,17
DA:28,17
DA:29,1
DA:30,1
DA:31,2
DA:32,2
DA:33,1
DA:34,1
DA:35,2
DA:36,2
DA:37,2
DA:38,2
DA:39,2
DA:40,2
DA:41,2
DA:42,2
DA:43,2
DA:44,2
DA:45,2
DA:46,2
DA:47,2
DA:48,1
DA:49,1
DA:50,2
DA:51,2
DA:52,2
DA:53,12
DA:54,2
DA:55,2
DA:56,4
DA:57,4
DA:58,4
DA:59,2
DA:60,2
DA:61,2
DA:62,1
DA:63,1
DA:64,2
DA:65,2
DA:66,2
DA:67,2
DA:68,2
DA:69,2
DA:70,4
DA:71,4
DA:72,4
DA:73,24
DA:74,15
DA:75,4
DA:76,4
DA:77,14
DA:78,14
DA:79,14
DA:80,4
DA:81,4
DA:82,4
DA:83,14
DA:84,10
DA:85,4
DA:86,4
DA:87,4
DA:88,4
DA:89,4
DA:90,2
DA:91,2
DA:92,2
DA:93,1
DA:94,1
DA:95,2
DA:96,2
DA:97,6
DA:98,6
DA:99,2
DA:100,2
DA:101,2
DA:102,2
DA:103,2
DA:104,2
DA:105,2
DA:106,2
DA:107,2
DA:108,2
DA:109,2
DA:110,2
DA:111,1
DA:112,1
DA:113,1
LF:113
LH:113
BRDA:10,0,0,9
BRDA:14,1,0,17
BRDA:30,2,0,2
BRDA:34,3,0,2
BRDA:49,4,0,2
BRDA:52,5,0,12
BRDA:53,6,0,9
BRDA:55,7,0,4
BRDA:57,8,0,1
BRDA:58,9,0,3
BRDA:63,10,0,2
BRDA:69,11,0,4
BRDA:72,12,0,24
BRDA:73,13,0,15
BRDA:76,14,0,14
BRDA:78,15,0,5
BRDA:79,16,0,9
BRDA:82,17,0,14
BRDA:83,18,0,10
BRDA:94,19,0,2
BRDA:96,20,0,6
BRDA:97,21,0,2
BRDA:97,22,0,4
BRDA:104,23,0,2
BRF:24
BRH:24
end_of_record
TN:
SF:src\routes\cleanPersonsAndRelationships.routes.ts
FNF:0
FNH:0
DA:1,1
DA:2,1
DA:3,1
DA:4,1
DA:5,1
DA:6,1
DA:7,1
DA:8,1
DA:9,1
DA:10,1
DA:11,1
DA:12,1
DA:13,1
DA:14,1
LF:14
LH:14
BRDA:10,0,0,1
BRF:1
BRH:1
end_of_record
TN:
SF:src\routes\index.ts
FNF:0
FNH:0
DA:1,1
DA:2,1
DA:3,1
DA:4,1
DA:5,1
DA:6,1
DA:7,1
DA:8,1
DA:9,1
DA:10,1
DA:11,1
DA:12,1
DA:13,1
DA:14,1
DA:15,1
LF:15
LH:15
BRF:0
BRH:0
end_of_record
TN:
SF:src\routes\person.routes.ts
FNF:0
FNH:0
DA:1,1
DA:2,1
DA:3,1
DA:4,1
DA:5,1
DA:6,1
DA:7,1
DA:8,1
DA:9,1
DA:10,12
DA:11,1
DA:12,1
DA:13,1
DA:14,2
DA:15,1
DA:16,1
DA:17,1
LF:17
LH:17
BRDA:9,0,0,12
BRDA:13,1,0,2
BRF:2
BRH:2
end_of_record
TN:
SF:src\routes\recommendations.routes.ts
FNF:0
FNH:0
DA:1,1
DA:2,1
DA:3,1
DA:4,1
DA:5,1
DA:6,1
DA:7,1
DA:8,1
DA:9,1
DA:10,2
DA:11,1
DA:12,1
DA:13,1
LF:13
LH:13
BRDA:9,0,0,2
BRF:1
BRH:1
end_of_record
TN:
SF:src\routes\relationship.routes.ts
FNF:0
FNH:0
DA:1,1
DA:2,1
DA:3,1
DA:4,1
DA:5,1
DA:6,1
DA:7,1
DA:8,1
DA:9,1
DA:10,9
DA:11,1
DA:12,1
DA:13,1
LF:13
LH:13
BRDA:9,0,0,9
BRF:1
BRH:1
end_of_record
TN:
SF:src\services\CreatePersonService.ts
FN:14,CreatePersonService
FN:19,execute
FNF:2
FNH:2
FNDA:17,CreatePersonService
FNDA:18,execute
DA:1,1
DA:2,1
DA:3,1
DA:4,1
DA:5,1
DA:6,1
DA:7,1
DA:8,1
DA:9,1
DA:10,1
DA:11,1
DA:12,1
DA:13,1
DA:14,1
DA:15,17
DA:16,17
DA:17,17
DA:18,1
DA:19,1
DA:20,18
DA:21,18
DA:22,18
DA:23,2
DA:24,2
DA:25,16
DA:26,16
DA:27,16
DA:28,16
DA:29,4
DA:30,4
DA:31,4
DA:32,4
DA:33,12
DA:34,12
DA:35,12
DA:36,12
DA:37,12
DA:38,1
DA:39,1
DA:40,1
LF:40
LH:40
BRDA:14,0,0,17
BRDA:19,1,0,18
BRDA:22,2,0,2
BRDA:25,3,0,16
BRDA:28,4,0,4
BRDA:33,5,0,12
BRF:6
BRH:6
end_of_record
TN:
SF:src\services\CreateRelationshipService.ts
FN:15,CreateRelationshipService
FN:23,execute
FNF:2
FNH:2
FNDA:11,CreateRelationshipService
FNDA:11,execute
DA:1,1
DA:2,1
DA:3,1
DA:4,1
DA:5,1
DA:6,1
DA:7,1
DA:8,1
DA:9,1
DA:10,1
DA:11,1
DA:12,1
DA:13,1
DA:14,1
DA:15,1
DA:16,11
DA:17,11
DA:18,11
DA:19,11
DA:20,11
DA:21,11
DA:22,1
DA:23,1
DA:24,11
DA:25,11
DA:26,11
DA:27,11
DA:28,11
DA:29,11
DA:30,11
DA:31,11
DA:32,2
DA:33,2
DA:34,9
DA:35,9
DA:36,9
DA:37,9
DA:38,9
DA:39,9
DA:40,9
DA:41,1
DA:42,1
DA:43,1
LF:43
LH:43
BRDA:15,0,0,11
BRDA:23,1,0,11
BRDA:31,2,0,9
BRDA:31,3,0,2
BRF:4
BRH:4
end_of_record
TN:
SF:src\services\DeletePersonsAndRelationshipsService.ts
FN:10,DeletePersonsAndRelationshipsService
FN:18,execute
FNF:2
FNH:2
FNDA:2,DeletePersonsAndRelationshipsService
FNDA:2,execute
DA:1,1
DA:2,1
DA:3,1
DA:4,1
DA:5,1
DA:6,1
DA:7,1
DA:8,1
DA:9,1
DA:10,1
DA:11,2
DA:12,2
DA:13,2
DA:14,2
DA:15,2
DA:16,2
DA:17,1
DA:18,1
DA:19,2
DA:20,2
DA:21,2
DA:22,1
DA:23,1
DA:24,1
LF:24
LH:24
BRDA:10,0,0,2
BRDA:18,1,0,2
BRF:2
BRH:2
end_of_record
TN:
SF:src\services\ShowPersonService.ts
FN:14,ShowPersonService
FN:19,execute
FNF:2
FNH:2
FNDA:4,ShowPersonService
FNDA:4,execute
DA:1,1
DA:2,1
DA:3,1
DA:4,1
DA:5,1
DA:6,1
DA:7,1
DA:8,1
DA:9,1
DA:10,1
DA:11,1
DA:12,1
DA:13,1
DA:14,1
DA:15,4
DA:16,4
DA:17,4
DA:18,1
DA:19,1
DA:20,4
DA:21,4
DA:22,4
DA:23,2
DA:24,2
DA:25,2
DA:26,2
DA:27,2
DA:28,1
DA:29,1
DA:30,1
LF:30
LH:30
BRDA:14,0,0,4
BRDA:19,1,0,4
BRDA:22,2,0,2
BRF:3
BRH:3
end_of_record
TN:
SF:src\services\ShowRecommendationsService.ts
FN:13,ShowRecommendationsService
FN:21,execute
FNF:2
FNH:2
FNDA:5,ShowRecommendationsService
FNDA:5,execute
DA:1,1
DA:2,1
DA:3,1
DA:4,1
DA:5,1
DA:6,1
DA:7,1
DA:8,1
DA:9,1
DA:10,1
DA:11,1
DA:12,1
DA:13,1
DA:14,5
DA:15,5
DA:16,5
DA:17,5
DA:18,5
DA:19,5
DA:20,1
DA:21,1
DA:22,5
DA:23,5
DA:24,5
DA:25,5
DA:26,5
DA:27,1
DA:28,1
DA:29,1
DA:30,1
DA:31,5
DA:32,2
DA:33,2
DA:34,2
DA:35,2
DA:36,2
DA:37,2
DA:38,2
DA:39,1
DA:40,1
DA:41,1
LF:41
LH:41
BRDA:13,0,0,5
BRDA:21,1,0,5
BRDA:26,2,0,1
BRDA:31,3,0,4
BRDA:31,4,0,2
BRF:5
BRH:5
end_of_record
